<?xml version="1.0" encoding="UTF-8"?>
<!-- Generated by org.testng.reporters.JUnitXMLReporter -->
<testsuite ignored="0" hostname="LAPTOP-K6OMI7N5" failures="0" tests="5" name="Test" time="4.94" errors="0" timestamp="2022-11-23T19:15:56 EST">
  <testcase classname="TestCases.TC_VideoGamesAPI" name="test_getAllVideoGames" time="2.753"/>
  <testcase classname="TestCases.TC_VideoGamesAPI" name="test_addNewVideoGame" time="0.904"/>
  <testcase classname="TestCases.TC_VideoGamesAPI" name="test_getSingleVideoGame" time="1.091"/>
  <testcase classname="TestCases.TC_VideoGamesAPI" name="test_updateVideoGame" time="0.054"/>
  <testcase classname="TestCases.TC_VideoGamesAPI" name="test_deleteVideoGame" time="0.022"/>
</testsuite> <!-- Test -->
