<?xml version="1.0" encoding="UTF-8"?>
<testng-results ignored="0" total="5" passed="5" failed="0" skipped="0">
  <reporter-output>
  </reporter-output>
  <suite started-at="2022-11-23T19:15:51 EST" name="Suite" finished-at="2022-11-23T19:15:56 EST" duration-ms="4940">
    <groups>
    </groups>
    <test started-at="2022-11-23T19:15:51 EST" name="Test" finished-at="2022-11-23T19:15:56 EST" duration-ms="4940">
      <class name="TestCases.TC_VideoGamesAPI">
        <test-method signature="test_getAllVideoGames()[pri:0, instance:TestCases.TC_VideoGamesAPI@6e0f5f7f]" started-at="2022-11-23T19:15:52 EST" name="test_getAllVideoGames" finished-at="2022-11-23T19:15:54 EST" duration-ms="2753" status="PASS">
          <reporter-output>
          </reporter-output>
        </test-method> <!-- test_getAllVideoGames -->
        <test-method signature="test_addNewVideoGame()[pri:1, instance:TestCases.TC_VideoGamesAPI@6e0f5f7f]" started-at="2022-11-23T19:15:54 EST" name="test_addNewVideoGame" finished-at="2022-11-23T19:15:55 EST" duration-ms="904" status="PASS">
          <reporter-output>
          </reporter-output>
        </test-method> <!-- test_addNewVideoGame -->
        <test-method signature="test_getSingleVideoGame()[pri:2, instance:TestCases.TC_VideoGamesAPI@6e0f5f7f]" started-at="2022-11-23T19:15:55 EST" name="test_getSingleVideoGame" finished-at="2022-11-23T19:15:56 EST" duration-ms="1091" status="PASS">
          <reporter-output>
          </reporter-output>
        </test-method> <!-- test_getSingleVideoGame -->
        <test-method signature="test_updateVideoGame()[pri:3, instance:TestCases.TC_VideoGamesAPI@6e0f5f7f]" started-at="2022-11-23T19:15:56 EST" name="test_updateVideoGame" finished-at="2022-11-23T19:15:56 EST" duration-ms="54" status="PASS">
          <reporter-output>
          </reporter-output>
        </test-method> <!-- test_updateVideoGame -->
        <test-method signature="test_deleteVideoGame()[pri:4, instance:TestCases.TC_VideoGamesAPI@6e0f5f7f]" started-at="2022-11-23T19:15:56 EST" name="test_deleteVideoGame" finished-at="2022-11-23T19:15:56 EST" duration-ms="22" status="PASS">
          <reporter-output>
          </reporter-output>
        </test-method> <!-- test_deleteVideoGame -->
      </class> <!-- TestCases.TC_VideoGamesAPI -->
    </test> <!-- Test -->
  </suite> <!-- Suite -->
</testng-results>
